----------------------------------------------------------------------------------------------------
LOG DATE: 04-26-2018 14:50:18 
----------------------------------------------------------------------------------------------------
(astudio.log) 14:50:27 [DEBUG]: Canvas Size : 800 x 600
(astudio.log) 14:50:27 [DEBUG]: Load GLES extensions ...
(astudio.log) 14:50:27 [DEBUG]: Load GLES extensions glGenVertexArraysOES() failed...
(astudio.log) 14:50:27 [DEBUG]: Load GLES extensions glBindVertexArrayOES() failed...
(astudio.log) 14:50:27 [DEBUG]: Load GLES extensions glDeleteVertexArrayOES() failed...
(astudio.log) 14:50:27 [DEBUG]: Load GLES extensions glEsVertexArrayOES() failed...
(astudio.log) 14:50:27 [DEBUG]: Load GLES extensions glMapBufferOES() failed...
(astudio.log) 14:50:27 [DEBUG]: Load GLES extensions glUnmapBufferOES() failed...
(astudio.log) 14:50:27 [DEBUG]: Load GLES extensions successed
(astudio.log) 14:50:27 [DEBUG]: GL_DEPTH_COMPONENT24_OES is support!
(astudio.log) 14:50:27 [DEBUG]: GL_DEPTH_COMPONENT32_OES is not support!
(astudio.log) 14:50:27 [DEBUG]: GL_EXT_color_buffer_half_float is support!
(astudio.log) 14:50:27 [DEBUG]:  GL_AMD_alpha_test GL_AMD_compressed_3DC_texture GL_AMD_compressed_ATC_texture GL_AMD_logic_op GL_AMD_shader_binary_Z400 GL_AMD_performance_monitor GL_EXT_color_buffer_float GL_EXT_color_buffer_half_float GL_EXT_texture_filter_anisotropic GL_EXT_texture_format_BGRA8888 GL_EXT_texture_type_2_10_10_10_REV GL_OES_compressed_ETC1_RGB8_texture GL_OES_compressed_paletted_texture GL_OES_depth_texture GL_OES_depth24 GL_OES_element_index_uint GL_OES_fragment_precision_high GL_OES_packed_depth_stencil GL_OES_rgb8_rgba8 GL_OES_standard_derivatives GL_OES_texture_3D GL_OES_texture_float GL_OES_texture_float_linear GL_OES_texture_half_float GL_OES_texture_half_float_linear GL_OES_texture_npot GL_OES_vertex_half_float GL_OES_vertex_type_10_10_10_2 GL_OES_framebuffer_object GL_OES_fbo_render_mipmap GL_QCOM_writeonly_rendering GL_NV_fence GL_EXT_shader_integer_mix GL_KHR_blend_equation_advanced GL_OES_sample_shading GL_OES_sample_variables GL_OES_shader_multisample_interpolation GL_OES_texture_storage_multisample_2d_array GL_OES_texture_stencil8 GL_EXT_copy_image GL_EXT_draw_buffers_indexed GL_EXT_geometry_shader GL_EXT_gpu_shader5 GL_EXT_primitive_bounding_box GL_EXT_shader_io_blocks GL_EXT_tessellation_shader GL_EXT_texture_border_clamp GL_EXT_texture_buffer GL_EXT_texture_cube_map_arrayGL_AMD_alpha_test GL_AMD_compressed_3DC_texture GL_AMD_compressed_ATC_texture GL_AMD_logic_op GL_AMD_shader_binary_Z400 GL_AMD_performance_monitor GL_EXT_color_buffer_float GL_EXT_color_buffer_half_float GL_EXT_texture_filter_anisotropic GL_EXT_texture_format_BGRA8888 GL_EXT_texture_type_2_10_10_10_REV GL_OES_compressed_ETC1_RGB8_texture GL_OES_compressed_paletted_texture GL_OES_depth_texture GL_OES_depth24 GL_OES_element_index_uint GL_OES_fragment_precision_high GL_OES_packed_depth_stencil GL_OES_rgb8_rgba8 GL_OES_standard_derivatives GL_OES_texture_3D GL_OES_texture_float GL_OES_texture_float_linear GL_OES_texture_half_float GL_OES_texture_half_float_linear GL_OES_texture_npot GL_OES_vertex_half_float GL_OES_vertex_type_10_10_10_2 GL_OES_framebuffer_object GL_OES_fbo_render_mipmap GL_QCOM_writeonly_rendering GL_NV_fence GL_EXT_shader_integer_mix GL_KHR_blend_equation_advanced GL_OES_sample_shading GL_OES_sample_variables GL_OES_shader_multisample_interpolation GL_OES_texture_storage_multisample_2d_array GL_OES_texture_stencil8 GL_EXT_copy_image GL_EXT_draw_buffers_indexed GL_EXT_geometry_shader GL_EXT_gpu_shader5 GL_EXT_primitive_bounding_box GL_EXT_shader_io_blocks GL_EXT_tessellation_shader GL_EXT_texture_border_clamp GL_EXT_texture_buffer GL_EXT_texture_cube_map_array GL_AMD_alpha_test GL_AMD_compressed_3DC_texture GL_AMD_compressed_ATC_texture GL_AMD_logic_op GL_AMD_shader_binary_Z400 GL_AMD_performance_monitor GL_EXT_color_buffer_float GL_EXT_color_buffer_half_float GL_EXT_texture_filter_anisotropic GL_EXT_texture_format_BGRA8888 GL_EXT_texture_type_2_10_10_10_REV GL_OES_compressed_ETC1_RGB8_texture GL_OES_compressed_paletted_texture GL_OES_depth_texture GL_OES_depth24 GL_OES_element_index_uint GL_OES_fragment_precision_high GL_OES_packed_depth_stencil GL_OES_rgb8_rgba8 GL_OES_standard_derivatives GL_OES_texture_3D GL_OES_texture_float GL_OES_texture_float_linear GL_OES_texture_half_float GL_OES_texture_half_float_linear GL_OES_texture_npot GL_OES_vertex_half_float GL_OES_vertex_type_10_10_10_2 GL_OES_framebuffer_object GL_OES_fbo_render_mipmap GL_QCOM_writeonly_rendering GL_NV_fence GL_EXT_shader_integer_mix GL_KHR_blend_equation_advanced GL_OES_sample_shading GL_OES_sample_variables GL_OES_shader_multisample_interpolation GL_OES_texture_storage_multisample_2d_array GL_OES_texture_stencil8 GL_EXT_copy_image GL_EXT_draw_buffers_indexed GL_EXT_geometry_shader GL_EXT_gpu_shader5 GL_EXT_primitive_bounding_box GL_EXT_shader_io_blocks GL_EXT_tessellation_shader GL_EXT_texture_border_clamp GL_EXT_texture_buffer GL_EXT_texture_cube_map_array
(astudio.log) 14:50:27 [DEBUG]:  OpenGL ES 3.0 Qualcomm Emu 
(astudio.log) 14:50:27 [DEBUG]:  Qualcomm 
(astudio.log) 14:50:27 [DEBUG]:  Qualcomm OpenGL ES 3.0 Emulator 
(astudio.log) 14:50:27 [DEBUG]:  OpenGL ES GLSL 3.00 
(astudio.log) 14:50:27 [INFO]: Init Renderer success.
(astudio.log) 14:50:27 [INFO]: RenderTargetManager::storeDefaultRenderTarget() ... succeeded
(astudio.log) 14:50:27 [INFO]: RenderTargetManager::restoreDefaultRenderTarget() succeeded
(astudio.log) 14:50:27 [INFO]: Initialize RenderStageManager Success !
(astudio.log) 14:50:31 [WARNING]: **start game debug [D:/GitHub/echo/bin/Release/echo.exe play D:/GitHub/echo-examples/live2d/live2d.echo]**
(astudio.log) 14:50:31 [DEBUG]: Canvas Size : 800 x 600
(astudio.log) 14:50:31 [DEBUG]: Load GLES extensions ...
(astudio.log) 14:50:31 [DEBUG]: Load GLES extensions glGenVertexArraysOES() failed...
(astudio.log) 14:50:31 [DEBUG]: Load GLES extensions glBindVertexArrayOES() failed...
(astudio.log) 14:50:31 [DEBUG]: Load GLES extensions glDeleteVertexArrayOES() failed...
(astudio.log) 14:50:31 [DEBUG]: Load GLES extensions glEsVertexArrayOES() failed...
(astudio.log) 14:50:31 [DEBUG]: Load GLES extensions glMapBufferOES() failed...
(astudio.log) 14:50:31 [DEBUG]: Load GLES extensions glUnmapBufferOES() failed...
(astudio.log) 14:50:31 [DEBUG]: Load GLES extensions successed
(astudio.log) 14:50:31 [DEBUG]: GL_DEPTH_COMPONENT24_OES is support!
(astudio.log) 14:50:31 [DEBUG]: GL_DEPTH_COMPONENT32_OES is not support!
(astudio.log) 14:50:31 [DEBUG]: GL_EXT_color_buffer_half_float is support!
(astudio.log) 14:50:31 [DEBUG]:  GL_AMD_alpha_test GL_AMD_compressed_3DC_texture GL_AMD_compressed_ATC_texture GL_AMD_logic_op GL_AMD_shader_binary_Z400 GL_AMD_performance_monitor GL_EXT_color_buffer_float GL_EXT_color_buffer_half_float GL_EXT_texture_filter_anisotropic GL_EXT_texture_format_BGRA8888 GL_EXT_texture_type_2_10_10_10_REV GL_OES_compressed_ETC1_RGB8_texture GL_OES_compressed_paletted_texture GL_OES_depth_texture GL_OES_depth24 GL_OES_element_index_uint GL_OES_fragment_precision_high GL_OES_packed_depth_stencil GL_OES_rgb8_rgba8 GL_OES_standard_derivatives GL_OES_texture_3D GL_OES_texture_float GL_OES_texture_float_linear GL_OES_texture_half_float GL_OES_texture_half_float_linear GL_OES_texture_npot GL_OES_vertex_half_float GL_OES_vertex_type_10_10_10_2 GL_OES_framebuffer_object GL_OES_fbo_render_mipmap GL_QCOM_writeonly_rendering GL_NV_fence GL_EXT_shader_integer_mix GL_KHR_blend_equation_advanced GL_OES_sample_shading GL_OES_sample_variables GL_OES_shader_multisample_interpolation GL_OES_texture_storage_multisample_2d_array GL_OES_texture_stencil8 GL_EXT_copy_image GL_EXT_draw_buffers_indexed GL_EXT_geometry_shader GL_EXT_gpu_shader5 GL_EXT_primitive_bounding_box GL_EXT_shader_io_blocks GL_EXT_tessellation_shader GL_EXT_texture_border_clamp GL_EXT_texture_buffer GL_EXT_texture_cube_map_arrayGL_AMD_alpha_test GL_AMD_compressed_3DC_texture GL_AMD_compressed_ATC_texture GL_AMD_logic_op GL_AMD_shader_binary_Z400 GL_AMD_performance_monitor GL_EXT_color_buffer_float GL_EXT_color_buffer_half_float GL_EXT_texture_filter_anisotropic GL_EXT_texture_format_BGRA8888 GL_EXT_texture_type_2_10_10_10_REV GL_OES_compressed_ETC1_RGB8_texture GL_OES_compressed_paletted_texture GL_OES_depth_texture GL_OES_depth24 GL_OES_element_index_uint GL_OES_fragment_precision_high GL_OES_packed_depth_stencil GL_OES_rgb8_rgba8 GL_OES_standard_derivatives GL_OES_texture_3D GL_OES_texture_float GL_OES_texture_float_linear GL_OES_texture_half_float GL_OES_texture_half_float_linear GL_OES_texture_npot GL_OES_vertex_half_float GL_OES_vertex_type_10_10_10_2 GL_OES_framebuffer_object GL_OES_fbo_render_mipmap GL_QCOM_writeonly_rendering GL_NV_fence GL_EXT_shader_integer_mix GL_KHR_blend_equation_advanced GL_OES_sample_shading GL_OES_sample_variables GL_OES_shader_multisample_interpolation GL_OES_texture_storage_multisample_2d_array GL_OES_texture_stencil8 GL_EXT_copy_image GL_EXT_draw_buffers_indexed GL_EXT_geometry_shader GL_EXT_gpu_shader5 GL_EXT_primitive_bounding_box GL_EXT_shader_io_blocks GL_EXT_tessellation_shader GL_EXT_texture_border_clamp GL_EXT_texture_buffer GL_EXT_texture_cube_map_array GL_AMD_alpha_test GL_AMD_compressed_3DC_texture GL_AMD_compressed_ATC_texture GL_AMD_logic_op GL_AMD_shader_binary_Z400 GL_AMD_performance_monitor GL_EXT_color_buffer_float GL_EXT_color_buffer_half_float GL_EXT_texture_filter_anisotropic GL_EXT_texture_format_BGRA8888 GL_EXT_texture_type_2_10_10_10_REV GL_OES_compressed_ETC1_RGB8_texture GL_OES_compressed_paletted_texture GL_OES_depth_texture GL_OES_depth24 GL_OES_element_index_uint GL_OES_fragment_precision_high GL_OES_packed_depth_stencil GL_OES_rgb8_rgba8 GL_OES_standard_derivatives GL_OES_texture_3D GL_OES_texture_float GL_OES_texture_float_linear GL_OES_texture_half_float GL_OES_texture_half_float_linear GL_OES_texture_npot GL_OES_vertex_half_float GL_OES_vertex_type_10_10_10_2 GL_OES_framebuffer_object GL_OES_fbo_render_mipmap GL_QCOM_writeonly_rendering GL_NV_fence GL_EXT_shader_integer_mix GL_KHR_blend_equation_advanced GL_OES_sample_shading GL_OES_sample_variables GL_OES_shader_multisample_interpolation GL_OES_texture_storage_multisample_2d_array GL_OES_texture_stencil8 GL_EXT_copy_image GL_EXT_draw_buffers_indexed GL_EXT_geometry_shader GL_EXT_gpu_shader5 GL_EXT_primitive_bounding_box GL_EXT_shader_io_blocks GL_EXT_tessellation_shader GL_EXT_texture_border_clamp GL_EXT_texture_buffer GL_EXT_texture_cube_map_array
(astudio.log) 14:50:31 [DEBUG]:  OpenGL ES 3.0 Qualcomm Emu 
(astudio.log) 14:50:31 [DEBUG]:  Qualcomm 
(astudio.log) 14:50:31 [DEBUG]:  Qualcomm OpenGL ES 3.0 Emulator 
(astudio.log) 14:50:31 [DEBUG]:  OpenGL ES GLSL 3.00 
(astudio.log) 14:50:31 [INFO]: Init Renderer success.
(astudio.log) 14:50:31 [INFO]: RenderTargetManager::storeDefaultRenderTarget() ... succeeded
(astudio.log) 14:50:31 [INFO]: RenderTargetManager::restoreDefaultRenderTarget() succeeded
(astudio.log) 14:50:31 [INFO]: Initialize RenderStageManager Success !
(astudio.log) 14:50:54 [WARNING]: stop game debug
(astudio.log) 14:50:55 [INFO]: Echo Engine has been shutdown.
(astudio.log) 14:50:56 [INFO]: Echo Renderer has been shutdown.
